{"C:\\ai_competence\\ai-competency-profiler\\frontend\\src\\api\\adapters.js": {"path":"C:\\ai_competence\\ai-competency-profiler\\frontend\\src\\api\\adapters.js","statementMap":{"0":{"start":{"line":1,"column":37},"end":{"line":40,"column":1}},"1":{"start":{"line":2,"column":17},"end":{"line":2,"column":88}},"2":{"start":{"line":4,"column":2},"end":{"line":11,"column":3}},"3":{"start":{"line":5,"column":4},"end":{"line":10,"column":6}},"4":{"start":{"line":13,"column":16},"end":{"line":17,"column":10}},"5":{"start":{"line":18,"column":16},"end":{"line":22,"column":20}},"6":{"start":{"line":23,"column":16},"end":{"line":27,"column":20}},"7":{"start":{"line":28,"column":17},"end":{"line":32,"column":9}},"8":{"start":{"line":34,"column":2},"end":{"line":39,"column":4}},"9":{"start":{"line":42,"column":28},"end":{"line":42,"column":77}},"10":{"start":{"line":42,"column":41},"end":{"line":42,"column":77}}},"fnMap":{"0":{"name":"(anonymous_0)","decl":{"start":{"line":1,"column":37},"end":{"line":1,"column":38}},"loc":{"start":{"line":1,"column":50},"end":{"line":40,"column":1}},"line":1},"1":{"name":"(anonymous_1)","decl":{"start":{"line":42,"column":28},"end":{"line":42,"column":29}},"loc":{"start":{"line":42,"column":41},"end":{"line":42,"column":77}},"line":42}},"branchMap":{"0":{"loc":{"start":{"line":2,"column":17},"end":{"line":2,"column":88}},"type":"cond-expr","locations":[{"start":{"line":2,"column":66},"end":{"line":2,"column":78}},{"start":{"line":2,"column":81},"end":{"line":2,"column":88}}],"line":2},"1":{"loc":{"start":{"line":2,"column":17},"end":{"line":2,"column":63}},"type":"binary-expr","locations":[{"start":{"line":2,"column":17},"end":{"line":2,"column":30}},{"start":{"line":2,"column":34},"end":{"line":2,"column":63}}],"line":2},"2":{"loc":{"start":{"line":4,"column":2},"end":{"line":11,"column":3}},"type":"if","locations":[{"start":{"line":4,"column":2},"end":{"line":11,"column":3}},{"start":{},"end":{}}],"line":4},"3":{"loc":{"start":{"line":13,"column":16},"end":{"line":17,"column":10}},"type":"cond-expr","locations":[{"start":{"line":14,"column":6},"end":{"line":14,"column":18}},{"start":{"line":15,"column":6},"end":{"line":17,"column":10}}],"line":13},"4":{"loc":{"start":{"line":15,"column":6},"end":{"line":17,"column":10}},"type":"cond-expr","locations":[{"start":{"line":16,"column":8},"end":{"line":16,"column":22}},{"start":{"line":17,"column":8},"end":{"line":17,"column":10}}],"line":15},"5":{"loc":{"start":{"line":18,"column":16},"end":{"line":22,"column":20}},"type":"cond-expr","locations":[{"start":{"line":19,"column":6},"end":{"line":19,"column":18}},{"start":{"line":20,"column":6},"end":{"line":22,"column":20}}],"line":18},"6":{"loc":{"start":{"line":20,"column":6},"end":{"line":22,"column":20}},"type":"cond-expr","locations":[{"start":{"line":21,"column":8},"end":{"line":21,"column":20}},{"start":{"line":22,"column":8},"end":{"line":22,"column":20}}],"line":20},"7":{"loc":{"start":{"line":23,"column":16},"end":{"line":27,"column":20}},"type":"cond-expr","locations":[{"start":{"line":24,"column":6},"end":{"line":24,"column":18}},{"start":{"line":25,"column":6},"end":{"line":27,"column":20}}],"line":23},"8":{"loc":{"start":{"line":25,"column":6},"end":{"line":27,"column":20}},"type":"cond-expr","locations":[{"start":{"line":26,"column":8},"end":{"line":26,"column":24}},{"start":{"line":27,"column":8},"end":{"line":27,"column":20}}],"line":25},"9":{"loc":{"start":{"line":28,"column":17},"end":{"line":32,"column":9}},"type":"cond-expr","locations":[{"start":{"line":29,"column":6},"end":{"line":29,"column":19}},{"start":{"line":30,"column":6},"end":{"line":32,"column":9}}],"line":28},"10":{"loc":{"start":{"line":30,"column":6},"end":{"line":32,"column":9}},"type":"cond-expr","locations":[{"start":{"line":31,"column":8},"end":{"line":31,"column":19}},{"start":{"line":32,"column":8},"end":{"line":32,"column":9}}],"line":30}},"s":{"0":2,"1":33,"2":33,"3":3,"4":30,"5":33,"6":33,"7":33,"8":33,"9":2,"10":4},"f":{"0":33,"1":4},"b":{"0":[1,32],"1":[33,2],"2":[3,30],"3":[22,8],"4":[1,7],"5":[21,9],"6":[1,8],"7":[19,11],"8":[1,10],"9":[18,12],"10":[1,11]},"meta":{"lastBranch":11,"lastFunction":2,"lastStatement":11,"seen":{"s:1:37:40:1":0,"f:1:37:1:38":0,"s:2:17:2:88":1,"b:2:66:2:78:2:81:2:88":0,"b:2:17:2:30:2:34:2:63":1,"b:4:2:11:3:undefined:undefined:undefined:undefined":2,"s:4:2:11:3":2,"s:5:4:10:6":3,"s:13:16:17:10":4,"b:14:6:14:18:15:6:17:10":3,"b:16:8:16:22:17:8:17:10":4,"s:18:16:22:20":5,"b:19:6:19:18:20:6:22:20":5,"b:21:8:21:20:22:8:22:20":6,"s:23:16:27:20":6,"b:24:6:24:18:25:6:27:20":7,"b:26:8:26:24:27:8:27:20":8,"s:28:17:32:9":7,"b:29:6:29:19:30:6:32:9":9,"b:31:8:31:19:32:8:32:9":10,"s:34:2:39:4":8,"s:42:28:42:77":9,"f:42:28:42:29":1,"s:42:41:42:77":10}}}
,"C:\\ai_competence\\ai-competency-profiler\\frontend\\src\\api\\errors.js": {"path":"C:\\ai_competence\\ai-competency-profiler\\frontend\\src\\api\\errors.js","statementMap":{"0":{"start":{"line":1,"column":24},"end":{"line":13,"column":1}},"1":{"start":{"line":15,"column":35},"end":{"line":25,"column":1}},"2":{"start":{"line":16,"column":2},"end":{"line":16,"column":43}},"3":{"start":{"line":16,"column":31},"end":{"line":16,"column":43}},"4":{"start":{"line":17,"column":2},"end":{"line":24,"column":16}},"5":{"start":{"line":19,"column":6},"end":{"line":19,"column":48}},"6":{"start":{"line":19,"column":36},"end":{"line":19,"column":48}},"7":{"start":{"line":20,"column":19},"end":{"line":20,"column":71}},"8":{"start":{"line":21,"column":6},"end":{"line":21,"column":68}},"9":{"start":{"line":27,"column":24},"end":{"line":41,"column":1}},"10":{"start":{"line":28,"column":2},"end":{"line":28,"column":27}},"11":{"start":{"line":28,"column":15},"end":{"line":28,"column":27}},"12":{"start":{"line":29,"column":2},"end":{"line":29,"column":48}},"13":{"start":{"line":29,"column":34},"end":{"line":29,"column":48}},"14":{"start":{"line":30,"column":2},"end":{"line":39,"column":3}},"15":{"start":{"line":31,"column":4},"end":{"line":38,"column":18}},"16":{"start":{"line":33,"column":8},"end":{"line":33,"column":50}},"17":{"start":{"line":33,"column":38},"end":{"line":33,"column":50}},"18":{"start":{"line":34,"column":21},"end":{"line":34,"column":73}},"19":{"start":{"line":35,"column":8},"end":{"line":35,"column":70}},"20":{"start":{"line":40,"column":2},"end":{"line":40,"column":14}},"21":{"start":{"line":43,"column":31},"end":{"line":86,"column":1}},"22":{"start":{"line":44,"column":58},"end":{"line":44,"column":65}},"23":{"start":{"line":45,"column":17},"end":{"line":45,"column":40}},"24":{"start":{"line":46,"column":18},"end":{"line":46,"column":39}},"25":{"start":{"line":47,"column":23},"end":{"line":47,"column":85}},"26":{"start":{"line":49,"column":2},"end":{"line":51,"column":3}},"27":{"start":{"line":50,"column":4},"end":{"line":50,"column":29}},"28":{"start":{"line":53,"column":26},"end":{"line":53,"column":92}},"29":{"start":{"line":54,"column":26},"end":{"line":54,"column":70}},"30":{"start":{"line":56,"column":2},"end":{"line":58,"column":3}},"31":{"start":{"line":57,"column":4},"end":{"line":57,"column":88}},"32":{"start":{"line":60,"column":2},"end":{"line":62,"column":3}},"33":{"start":{"line":61,"column":4},"end":{"line":61,"column":27}},"34":{"start":{"line":64,"column":17},"end":{"line":64,"column":49}},"35":{"start":{"line":65,"column":2},"end":{"line":67,"column":3}},"36":{"start":{"line":66,"column":4},"end":{"line":66,"column":18}},"37":{"start":{"line":69,"column":2},"end":{"line":71,"column":3}},"38":{"start":{"line":70,"column":4},"end":{"line":70,"column":35}},"39":{"start":{"line":73,"column":2},"end":{"line":75,"column":3}},"40":{"start":{"line":74,"column":4},"end":{"line":74,"column":53}},"41":{"start":{"line":77,"column":2},"end":{"line":79,"column":3}},"42":{"start":{"line":78,"column":4},"end":{"line":78,"column":24}},"43":{"start":{"line":81,"column":2},"end":{"line":83,"column":3}},"44":{"start":{"line":82,"column":4},"end":{"line":82,"column":60}},"45":{"start":{"line":85,"column":2},"end":{"line":85,"column":18}}},"fnMap":{"0":{"name":"(anonymous_0)","decl":{"start":{"line":15,"column":35},"end":{"line":15,"column":36}},"loc":{"start":{"line":15,"column":48},"end":{"line":25,"column":1}},"line":15},"1":{"name":"(anonymous_1)","decl":{"start":{"line":18,"column":9},"end":{"line":18,"column":10}},"loc":{"start":{"line":18,"column":19},"end":{"line":22,"column":5}},"line":18},"2":{"name":"(anonymous_2)","decl":{"start":{"line":27,"column":24},"end":{"line":27,"column":25}},"loc":{"start":{"line":27,"column":36},"end":{"line":41,"column":1}},"line":27},"3":{"name":"(anonymous_3)","decl":{"start":{"line":32,"column":11},"end":{"line":32,"column":12}},"loc":{"start":{"line":32,"column":21},"end":{"line":36,"column":7}},"line":32},"4":{"name":"(anonymous_4)","decl":{"start":{"line":43,"column":31},"end":{"line":43,"column":32}},"loc":{"start":{"line":43,"column":56},"end":{"line":86,"column":1}},"line":43}},"branchMap":{"0":{"loc":{"start":{"line":16,"column":2},"end":{"line":16,"column":43}},"type":"if","locations":[{"start":{"line":16,"column":2},"end":{"line":16,"column":43}},{"start":{},"end":{}}],"line":16},"1":{"loc":{"start":{"line":19,"column":6},"end":{"line":19,"column":48}},"type":"if","locations":[{"start":{"line":19,"column":6},"end":{"line":19,"column":48}},{"start":{},"end":{}}],"line":19},"2":{"loc":{"start":{"line":20,"column":19},"end":{"line":20,"column":71}},"type":"cond-expr","locations":[{"start":{"line":20,"column":46},"end":{"line":20,"column":64}},{"start":{"line":20,"column":67},"end":{"line":20,"column":71}}],"line":20},"3":{"loc":{"start":{"line":21,"column":13},"end":{"line":21,"column":67}},"type":"cond-expr","locations":[{"start":{"line":21,"column":33},"end":{"line":21,"column":55}},{"start":{"line":21,"column":58},"end":{"line":21,"column":67}}],"line":21},"4":{"loc":{"start":{"line":21,"column":13},"end":{"line":21,"column":30}},"type":"binary-expr","locations":[{"start":{"line":21,"column":13},"end":{"line":21,"column":17}},{"start":{"line":21,"column":21},"end":{"line":21,"column":30}}],"line":21},"5":{"loc":{"start":{"line":28,"column":2},"end":{"line":28,"column":27}},"type":"if","locations":[{"start":{"line":28,"column":2},"end":{"line":28,"column":27}},{"start":{},"end":{}}],"line":28},"6":{"loc":{"start":{"line":29,"column":2},"end":{"line":29,"column":48}},"type":"if","locations":[{"start":{"line":29,"column":2},"end":{"line":29,"column":48}},{"start":{},"end":{}}],"line":29},"7":{"loc":{"start":{"line":30,"column":2},"end":{"line":39,"column":3}},"type":"if","locations":[{"start":{"line":30,"column":2},"end":{"line":39,"column":3}},{"start":{},"end":{}}],"line":30},"8":{"loc":{"start":{"line":33,"column":8},"end":{"line":33,"column":50}},"type":"if","locations":[{"start":{"line":33,"column":8},"end":{"line":33,"column":50}},{"start":{},"end":{}}],"line":33},"9":{"loc":{"start":{"line":34,"column":21},"end":{"line":34,"column":73}},"type":"cond-expr","locations":[{"start":{"line":34,"column":48},"end":{"line":34,"column":66}},{"start":{"line":34,"column":69},"end":{"line":34,"column":73}}],"line":34},"10":{"loc":{"start":{"line":35,"column":15},"end":{"line":35,"column":69}},"type":"cond-expr","locations":[{"start":{"line":35,"column":35},"end":{"line":35,"column":57}},{"start":{"line":35,"column":60},"end":{"line":35,"column":69}}],"line":35},"11":{"loc":{"start":{"line":35,"column":15},"end":{"line":35,"column":32}},"type":"binary-expr","locations":[{"start":{"line":35,"column":15},"end":{"line":35,"column":19}},{"start":{"line":35,"column":23},"end":{"line":35,"column":32}}],"line":35},"12":{"loc":{"start":{"line":43,"column":39},"end":{"line":43,"column":51}},"type":"default-arg","locations":[{"start":{"line":43,"column":49},"end":{"line":43,"column":51}}],"line":43},"13":{"loc":{"start":{"line":44,"column":10},"end":{"line":44,"column":37}},"type":"default-arg","locations":[{"start":{"line":44,"column":21},"end":{"line":44,"column":37}}],"line":44},"14":{"loc":{"start":{"line":44,"column":39},"end":{"line":44,"column":53}},"type":"default-arg","locations":[{"start":{"line":44,"column":51},"end":{"line":44,"column":53}}],"line":44},"15":{"loc":{"start":{"line":47,"column":23},"end":{"line":47,"column":85}},"type":"cond-expr","locations":[{"start":{"line":47,"column":60},"end":{"line":47,"column":80}},{"start":{"line":47,"column":83},"end":{"line":47,"column":85}}],"line":47},"16":{"loc":{"start":{"line":49,"column":2},"end":{"line":51,"column":3}},"type":"if","locations":[{"start":{"line":49,"column":2},"end":{"line":51,"column":3}},{"start":{},"end":{}}],"line":49},"17":{"loc":{"start":{"line":49,"column":6},"end":{"line":49,"column":33}},"type":"binary-expr","locations":[{"start":{"line":49,"column":6},"end":{"line":49,"column":12}},{"start":{"line":49,"column":16},"end":{"line":49,"column":33}}],"line":49},"18":{"loc":{"start":{"line":53,"column":26},"end":{"line":53,"column":92}},"type":"cond-expr","locations":[{"start":{"line":53,"column":65},"end":{"line":53,"column":87}},{"start":{"line":53,"column":90},"end":{"line":53,"column":92}}],"line":53},"19":{"loc":{"start":{"line":56,"column":2},"end":{"line":58,"column":3}},"type":"if","locations":[{"start":{"line":56,"column":2},"end":{"line":58,"column":3}},{"start":{},"end":{}}],"line":56},"20":{"loc":{"start":{"line":57,"column":11},"end":{"line":57,"column":87}},"type":"binary-expr","locations":[{"start":{"line":57,"column":11},"end":{"line":57,"column":26}},{"start":{"line":57,"column":30},"end":{"line":57,"column":45}},{"start":{"line":57,"column":49},"end":{"line":57,"column":63}},{"start":{"line":57,"column":67},"end":{"line":57,"column":87}}],"line":57},"21":{"loc":{"start":{"line":60,"column":2},"end":{"line":62,"column":3}},"type":"if","locations":[{"start":{"line":60,"column":2},"end":{"line":62,"column":3}},{"start":{},"end":{}}],"line":60},"22":{"loc":{"start":{"line":60,"column":6},"end":{"line":60,"column":47}},"type":"binary-expr","locations":[{"start":{"line":60,"column":6},"end":{"line":60,"column":21}},{"start":{"line":60,"column":25},"end":{"line":60,"column":31}},{"start":{"line":60,"column":35},"end":{"line":60,"column":47}}],"line":60},"23":{"loc":{"start":{"line":65,"column":2},"end":{"line":67,"column":3}},"type":"if","locations":[{"start":{"line":65,"column":2},"end":{"line":67,"column":3}},{"start":{},"end":{}}],"line":65},"24":{"loc":{"start":{"line":65,"column":6},"end":{"line":65,"column":38}},"type":"binary-expr","locations":[{"start":{"line":65,"column":6},"end":{"line":65,"column":12}},{"start":{"line":65,"column":16},"end":{"line":65,"column":22}},{"start":{"line":65,"column":26},"end":{"line":65,"column":38}}],"line":65},"25":{"loc":{"start":{"line":69,"column":2},"end":{"line":71,"column":3}},"type":"if","locations":[{"start":{"line":69,"column":2},"end":{"line":71,"column":3}},{"start":{},"end":{}}],"line":69},"26":{"loc":{"start":{"line":69,"column":6},"end":{"line":69,"column":39}},"type":"binary-expr","locations":[{"start":{"line":69,"column":6},"end":{"line":69,"column":12}},{"start":{"line":69,"column":16},"end":{"line":69,"column":39}}],"line":69},"27":{"loc":{"start":{"line":73,"column":2},"end":{"line":75,"column":3}},"type":"if","locations":[{"start":{"line":73,"column":2},"end":{"line":75,"column":3}},{"start":{},"end":{}}],"line":73},"28":{"loc":{"start":{"line":77,"column":2},"end":{"line":79,"column":3}},"type":"if","locations":[{"start":{"line":77,"column":2},"end":{"line":79,"column":3}},{"start":{},"end":{}}],"line":77},"29":{"loc":{"start":{"line":77,"column":6},"end":{"line":77,"column":29}},"type":"binary-expr","locations":[{"start":{"line":77,"column":6},"end":{"line":77,"column":13}},{"start":{"line":77,"column":17},"end":{"line":77,"column":29}}],"line":77},"30":{"loc":{"start":{"line":81,"column":2},"end":{"line":83,"column":3}},"type":"if","locations":[{"start":{"line":81,"column":2},"end":{"line":83,"column":3}},{"start":{},"end":{}}],"line":81}},"s":{"0":1,"1":1,"2":24,"3":22,"4":2,"5":3,"6":2,"7":1,"8":3,"9":1,"10":19,"11":17,"12":2,"13":2,"14":1,"15":1,"16":1,"17":0,"18":1,"19":1,"20":0,"21":1,"22":26,"23":26,"24":26,"25":26,"26":26,"27":2,"28":24,"29":26,"30":26,"31":4,"32":20,"33":1,"34":19,"35":26,"36":2,"37":17,"38":10,"39":7,"40":1,"41":6,"42":1,"43":5,"44":3,"45":2},"f":{"0":24,"1":3,"2":19,"3":1,"4":26},"b":{"0":[22,2],"1":[2,1],"2":[1,0],"3":[1,0],"4":[3,1],"5":[17,2],"6":[1,1],"7":[1,0],"8":[0,1],"9":[1,0],"10":[1,0],"11":[1,1],"12":[26],"13":[26],"14":[26],"15":[23,3],"16":[2,24],"17":[26,21],"18":[3,21],"19":[4,22],"20":[4,2,1,1],"21":[1,19],"22":[20,2,2],"23":[2,24],"24":[26,2,2],"25":[10,7],"26":[17,12],"27":[1,6],"28":[1,5],"29":[6,4],"30":[3,2]},"meta":{"lastBranch":31,"lastFunction":5,"lastStatement":46,"seen":{"s:1:24:13:1":0,"s:15:35:25:1":1,"f:15:35:15:36":0,"b:16:2:16:43:undefined:undefined:undefined:undefined":0,"s:16:2:16:43":2,"s:16:31:16:43":3,"s:17:2:24:16":4,"f:18:9:18:10":1,"b:19:6:19:48:undefined:undefined:undefined:undefined":1,"s:19:6:19:48":5,"s:19:36:19:48":6,"s:20:19:20:71":7,"b:20:46:20:64:20:67:20:71":2,"s:21:6:21:68":8,"b:21:33:21:55:21:58:21:67":3,"b:21:13:21:17:21:21:21:30":4,"s:27:24:41:1":9,"f:27:24:27:25":2,"b:28:2:28:27:undefined:undefined:undefined:undefined":5,"s:28:2:28:27":10,"s:28:15:28:27":11,"b:29:2:29:48:undefined:undefined:undefined:undefined":6,"s:29:2:29:48":12,"s:29:34:29:48":13,"b:30:2:39:3:undefined:undefined:undefined:undefined":7,"s:30:2:39:3":14,"s:31:4:38:18":15,"f:32:11:32:12":3,"b:33:8:33:50:undefined:undefined:undefined:undefined":8,"s:33:8:33:50":16,"s:33:38:33:50":17,"s:34:21:34:73":18,"b:34:48:34:66:34:69:34:73":9,"s:35:8:35:70":19,"b:35:35:35:57:35:60:35:69":10,"b:35:15:35:19:35:23:35:32":11,"s:40:2:40:14":20,"s:43:31:86:1":21,"f:43:31:43:32":4,"b:43:49:43:51":12,"s:44:58:44:65":22,"b:44:21:44:37":13,"b:44:51:44:53":14,"s:45:17:45:40":23,"s:46:18:46:39":24,"s:47:23:47:85":25,"b:47:60:47:80:47:83:47:85":15,"b:49:2:51:3:undefined:undefined:undefined:undefined":16,"s:49:2:51:3":26,"b:49:6:49:12:49:16:49:33":17,"s:50:4:50:29":27,"s:53:26:53:92":28,"b:53:65:53:87:53:90:53:92":18,"s:54:26:54:70":29,"b:56:2:58:3:undefined:undefined:undefined:undefined":19,"s:56:2:58:3":30,"s:57:4:57:88":31,"b:57:11:57:26:57:30:57:45:57:49:57:63:57:67:57:87":20,"b:60:2:62:3:undefined:undefined:undefined:undefined":21,"s:60:2:62:3":32,"b:60:6:60:21:60:25:60:31:60:35:60:47":22,"s:61:4:61:27":33,"s:64:17:64:49":34,"b:65:2:67:3:undefined:undefined:undefined:undefined":23,"s:65:2:67:3":35,"b:65:6:65:12:65:16:65:22:65:26:65:38":24,"s:66:4:66:18":36,"b:69:2:71:3:undefined:undefined:undefined:undefined":25,"s:69:2:71:3":37,"b:69:6:69:12:69:16:69:39":26,"s:70:4:70:35":38,"b:73:2:75:3:undefined:undefined:undefined:undefined":27,"s:73:2:75:3":39,"s:74:4:74:53":40,"b:77:2:79:3:undefined:undefined:undefined:undefined":28,"s:77:2:79:3":41,"b:77:6:77:13:77:17:77:29":29,"s:78:4:78:24":42,"b:81:2:83:3:undefined:undefined:undefined:undefined":30,"s:81:2:83:3":43,"s:82:4:82:60":44,"s:85:2:85:18":45}}}
,"C:\\ai_competence\\ai-competency-profiler\\frontend\\src\\api\\pagination.js": {"path":"C:\\ai_competence\\ai-competency-profiler\\frontend\\src\\api\\pagination.js","statementMap":{"0":{"start":{"line":4,"column":15},"end":{"line":4,"column":28}},"1":{"start":{"line":5,"column":18},"end":{"line":5,"column":19}},"2":{"start":{"line":6,"column":14},"end":{"line":6,"column":18}},"3":{"start":{"line":7,"column":16},"end":{"line":7,"column":18}},"4":{"start":{"line":9,"column":2},"end":{"line":28,"column":3}},"5":{"start":{"line":10,"column":20},"end":{"line":10,"column":54}},"6":{"start":{"line":11,"column":16},"end":{"line":11,"column":47}},"7":{"start":{"line":12,"column":22},"end":{"line":12,"column":65}},"8":{"start":{"line":14,"column":4},"end":{"line":16,"column":5}},"9":{"start":{"line":15,"column":6},"end":{"line":15,"column":25}},"10":{"start":{"line":18,"column":4},"end":{"line":18,"column":29}},"11":{"start":{"line":20,"column":4},"end":{"line":20,"column":38}},"12":{"start":{"line":20,"column":32},"end":{"line":20,"column":38}},"13":{"start":{"line":21,"column":4},"end":{"line":21,"column":55}},"14":{"start":{"line":21,"column":49},"end":{"line":21,"column":55}},"15":{"start":{"line":23,"column":17},"end":{"line":23,"column":52}},"16":{"start":{"line":24,"column":4},"end":{"line":24,"column":25}},"17":{"start":{"line":24,"column":19},"end":{"line":24,"column":25}},"18":{"start":{"line":26,"column":4},"end":{"line":26,"column":19}},"19":{"start":{"line":27,"column":4},"end":{"line":27,"column":19}},"20":{"start":{"line":30,"column":2},"end":{"line":35,"column":4}}},"fnMap":{"0":{"name":"fetchAllPages","decl":{"start":{"line":3,"column":22},"end":{"line":3,"column":35}},"loc":{"start":{"line":3,"column":99},"end":{"line":36,"column":1}},"line":3}},"branchMap":{"0":{"loc":{"start":{"line":3,"column":49},"end":{"line":3,"column":60}},"type":"default-arg","locations":[{"start":{"line":3,"column":57},"end":{"line":3,"column":60}}],"line":3},"1":{"loc":{"start":{"line":3,"column":62},"end":{"line":3,"column":79}},"type":"default-arg","locations":[{"start":{"line":3,"column":78},"end":{"line":3,"column":79}}],"line":3},"2":{"loc":{"start":{"line":3,"column":81},"end":{"line":3,"column":95}},"type":"default-arg","locations":[{"start":{"line":3,"column":92},"end":{"line":3,"column":95}}],"line":3},"3":{"loc":{"start":{"line":12,"column":22},"end":{"line":12,"column":65}},"type":"cond-expr","locations":[{"start":{"line":12,"column":50},"end":{"line":12,"column":60}},{"start":{"line":12,"column":63},"end":{"line":12,"column":65}}],"line":12},"4":{"loc":{"start":{"line":14,"column":4},"end":{"line":16,"column":5}},"type":"if","locations":[{"start":{"line":14,"column":4},"end":{"line":16,"column":5}},{"start":{},"end":{}}],"line":14},"5":{"loc":{"start":{"line":20,"column":4},"end":{"line":20,"column":38}},"type":"if","locations":[{"start":{"line":20,"column":4},"end":{"line":20,"column":38}},{"start":{},"end":{}}],"line":20},"6":{"loc":{"start":{"line":21,"column":4},"end":{"line":21,"column":55}},"type":"if","locations":[{"start":{"line":21,"column":4},"end":{"line":21,"column":55}},{"start":{},"end":{}}],"line":21},"7":{"loc":{"start":{"line":21,"column":8},"end":{"line":21,"column":47}},"type":"binary-expr","locations":[{"start":{"line":21,"column":8},"end":{"line":21,"column":22}},{"start":{"line":21,"column":26},"end":{"line":21,"column":47}}],"line":21},"8":{"loc":{"start":{"line":23,"column":17},"end":{"line":23,"column":52}},"type":"cond-expr","locations":[{"start":{"line":23,"column":34},"end":{"line":23,"column":44}},{"start":{"line":23,"column":47},"end":{"line":23,"column":52}}],"line":23},"9":{"loc":{"start":{"line":24,"column":4},"end":{"line":24,"column":25}},"type":"if","locations":[{"start":{"line":24,"column":4},"end":{"line":24,"column":25}},{"start":{},"end":{}}],"line":24},"10":{"loc":{"start":{"line":32,"column":11},"end":{"line":32,"column":32}},"type":"binary-expr","locations":[{"start":{"line":32,"column":11},"end":{"line":32,"column":16}},{"start":{"line":32,"column":20},"end":{"line":32,"column":32}}],"line":32}},"s":{"0":10,"1":10,"2":10,"3":10,"4":10,"5":15,"6":14,"7":14,"8":15,"9":14,"10":14,"11":14,"12":2,"13":12,"14":6,"15":6,"16":15,"17":0,"18":6,"19":6,"20":9},"f":{"0":10},"b":{"0":[10],"1":[10],"2":[10],"3":[14,0],"4":[14,1],"5":[2,12],"6":[6,6],"7":[12,12],"8":[6,0],"9":[0,15],"10":[9,0]},"meta":{"lastBranch":11,"lastFunction":1,"lastStatement":21,"seen":{"f:3:22:3:35":0,"b:3:57:3:60":0,"b:3:78:3:79":1,"b:3:92:3:95":2,"s:4:15:4:28":0,"s:5:18:5:19":1,"s:6:14:6:18":2,"s:7:16:7:18":3,"s:9:2:28:3":4,"s:10:20:10:54":5,"s:11:16:11:47":6,"s:12:22:12:65":7,"b:12:50:12:60:12:63:12:65":3,"b:14:4:16:5:undefined:undefined:undefined:undefined":4,"s:14:4:16:5":8,"s:15:6:15:25":9,"s:18:4:18:29":10,"b:20:4:20:38:undefined:undefined:undefined:undefined":5,"s:20:4:20:38":11,"s:20:32:20:38":12,"b:21:4:21:55:undefined:undefined:undefined:undefined":6,"s:21:4:21:55":13,"b:21:8:21:22:21:26:21:47":7,"s:21:49:21:55":14,"s:23:17:23:52":15,"b:23:34:23:44:23:47:23:52":8,"b:24:4:24:25:undefined:undefined:undefined:undefined":9,"s:24:4:24:25":16,"s:24:19:24:25":17,"s:26:4:26:19":18,"s:27:4:27:19":19,"s:30:2:35:4":20,"b:32:11:32:16:32:20:32:32":10}}}
,"C:\\ai_competence\\ai-competency-profiler\\frontend\\src\\api\\roles.js": {"path":"C:\\ai_competence\\ai-competency-profiler\\frontend\\src\\api\\roles.js","statementMap":{"0":{"start":{"line":1,"column":21},"end":{"line":6,"column":1}},"1":{"start":{"line":8,"column":34},"end":{"line":9,"column":68}},"2":{"start":{"line":9,"column":2},"end":{"line":9,"column":68}},"3":{"start":{"line":11,"column":32},"end":{"line":12,"column":68}},"4":{"start":{"line":12,"column":2},"end":{"line":12,"column":68}},"5":{"start":{"line":14,"column":30},"end":{"line":14,"column":64}},"6":{"start":{"line":14,"column":40},"end":{"line":14,"column":64}},"7":{"start":{"line":15,"column":28},"end":{"line":15,"column":83}},"8":{"start":{"line":15,"column":38},"end":{"line":15,"column":83}},"9":{"start":{"line":16,"column":33},"end":{"line":16,"column":88}},"10":{"start":{"line":16,"column":43},"end":{"line":16,"column":88}},"11":{"start":{"line":18,"column":32},"end":{"line":18,"column":66}},"12":{"start":{"line":18,"column":42},"end":{"line":18,"column":66}},"13":{"start":{"line":19,"column":33},"end":{"line":19,"column":67}},"14":{"start":{"line":19,"column":43},"end":{"line":19,"column":67}},"15":{"start":{"line":20,"column":35},"end":{"line":20,"column":69}},"16":{"start":{"line":20,"column":45},"end":{"line":20,"column":69}},"17":{"start":{"line":21,"column":36},"end":{"line":21,"column":91}},"18":{"start":{"line":21,"column":46},"end":{"line":21,"column":91}},"19":{"start":{"line":23,"column":35},"end":{"line":23,"column":90}},"20":{"start":{"line":23,"column":45},"end":{"line":23,"column":90}},"21":{"start":{"line":25,"column":30},"end":{"line":28,"column":1}},"22":{"start":{"line":26,"column":2},"end":{"line":26,"column":26}},"23":{"start":{"line":26,"column":13},"end":{"line":26,"column":26}},"24":{"start":{"line":27,"column":2},"end":{"line":27,"column":66}}},"fnMap":{"0":{"name":"(anonymous_0)","decl":{"start":{"line":8,"column":34},"end":{"line":8,"column":35}},"loc":{"start":{"line":9,"column":2},"end":{"line":9,"column":68}},"line":9},"1":{"name":"(anonymous_1)","decl":{"start":{"line":11,"column":32},"end":{"line":11,"column":33}},"loc":{"start":{"line":12,"column":2},"end":{"line":12,"column":68}},"line":12},"2":{"name":"(anonymous_2)","decl":{"start":{"line":14,"column":30},"end":{"line":14,"column":31}},"loc":{"start":{"line":14,"column":40},"end":{"line":14,"column":64}},"line":14},"3":{"name":"(anonymous_3)","decl":{"start":{"line":15,"column":28},"end":{"line":15,"column":29}},"loc":{"start":{"line":15,"column":38},"end":{"line":15,"column":83}},"line":15},"4":{"name":"(anonymous_4)","decl":{"start":{"line":16,"column":33},"end":{"line":16,"column":34}},"loc":{"start":{"line":16,"column":43},"end":{"line":16,"column":88}},"line":16},"5":{"name":"(anonymous_5)","decl":{"start":{"line":18,"column":32},"end":{"line":18,"column":33}},"loc":{"start":{"line":18,"column":42},"end":{"line":18,"column":66}},"line":18},"6":{"name":"(anonymous_6)","decl":{"start":{"line":19,"column":33},"end":{"line":19,"column":34}},"loc":{"start":{"line":19,"column":43},"end":{"line":19,"column":67}},"line":19},"7":{"name":"(anonymous_7)","decl":{"start":{"line":20,"column":35},"end":{"line":20,"column":36}},"loc":{"start":{"line":20,"column":45},"end":{"line":20,"column":69}},"line":20},"8":{"name":"(anonymous_8)","decl":{"start":{"line":21,"column":36},"end":{"line":21,"column":37}},"loc":{"start":{"line":21,"column":46},"end":{"line":21,"column":91}},"line":21},"9":{"name":"(anonymous_9)","decl":{"start":{"line":23,"column":35},"end":{"line":23,"column":36}},"loc":{"start":{"line":23,"column":45},"end":{"line":23,"column":90}},"line":23},"10":{"name":"(anonymous_10)","decl":{"start":{"line":25,"column":30},"end":{"line":25,"column":31}},"loc":{"start":{"line":25,"column":59},"end":{"line":28,"column":1}},"line":25}},"branchMap":{"0":{"loc":{"start":{"line":9,"column":2},"end":{"line":9,"column":68}},"type":"binary-expr","locations":[{"start":{"line":9,"column":2},"end":{"line":9,"column":22}},{"start":{"line":9,"column":26},"end":{"line":9,"column":47}},{"start":{"line":9,"column":51},"end":{"line":9,"column":68}}],"line":9},"1":{"loc":{"start":{"line":12,"column":2},"end":{"line":12,"column":68}},"type":"binary-expr","locations":[{"start":{"line":12,"column":2},"end":{"line":12,"column":22}},{"start":{"line":12,"column":26},"end":{"line":12,"column":47}},{"start":{"line":12,"column":51},"end":{"line":12,"column":68}}],"line":12},"2":{"loc":{"start":{"line":15,"column":38},"end":{"line":15,"column":83}},"type":"binary-expr","locations":[{"start":{"line":15,"column":38},"end":{"line":15,"column":58}},{"start":{"line":15,"column":62},"end":{"line":15,"column":83}}],"line":15},"3":{"loc":{"start":{"line":16,"column":43},"end":{"line":16,"column":88}},"type":"binary-expr","locations":[{"start":{"line":16,"column":43},"end":{"line":16,"column":63}},{"start":{"line":16,"column":67},"end":{"line":16,"column":88}}],"line":16},"4":{"loc":{"start":{"line":21,"column":46},"end":{"line":21,"column":91}},"type":"binary-expr","locations":[{"start":{"line":21,"column":46},"end":{"line":21,"column":66}},{"start":{"line":21,"column":70},"end":{"line":21,"column":91}}],"line":21},"5":{"loc":{"start":{"line":23,"column":45},"end":{"line":23,"column":90}},"type":"binary-expr","locations":[{"start":{"line":23,"column":45},"end":{"line":23,"column":65}},{"start":{"line":23,"column":69},"end":{"line":23,"column":90}}],"line":23},"6":{"loc":{"start":{"line":25,"column":37},"end":{"line":25,"column":54}},"type":"default-arg","locations":[{"start":{"line":25,"column":52},"end":{"line":25,"column":54}}],"line":25},"7":{"loc":{"start":{"line":26,"column":2},"end":{"line":26,"column":26}},"type":"if","locations":[{"start":{"line":26,"column":2},"end":{"line":26,"column":26}},{"start":{},"end":{}}],"line":26},"8":{"loc":{"start":{"line":27,"column":9},"end":{"line":27,"column":65}},"type":"binary-expr","locations":[{"start":{"line":27,"column":9},"end":{"line":27,"column":34}},{"start":{"line":27,"column":38},"end":{"line":27,"column":65}}],"line":27}},"s":{"0":1,"1":1,"2":39,"3":1,"4":4,"5":1,"6":4,"7":1,"8":6,"9":1,"10":4,"11":1,"12":4,"13":1,"14":4,"15":1,"16":4,"17":1,"18":4,"19":1,"20":4,"21":1,"22":10,"23":4,"24":6},"f":{"0":39,"1":4,"2":4,"3":6,"4":4,"5":4,"6":4,"7":4,"8":4,"9":4,"10":10},"b":{"0":[39,30,21],"1":[4,3,2],"2":[6,5],"3":[4,3],"4":[4,3],"5":[4,3],"6":[10],"7":[4,6],"8":[6,4]},"meta":{"lastBranch":9,"lastFunction":11,"lastStatement":25,"seen":{"s:1:21:6:1":0,"s:8:34:9:68":1,"f:8:34:8:35":0,"s:9:2:9:68":2,"b:9:2:9:22:9:26:9:47:9:51:9:68":0,"s:11:32:12:68":3,"f:11:32:11:33":1,"s:12:2:12:68":4,"b:12:2:12:22:12:26:12:47:12:51:12:68":1,"s:14:30:14:64":5,"f:14:30:14:31":2,"s:14:40:14:64":6,"s:15:28:15:83":7,"f:15:28:15:29":3,"s:15:38:15:83":8,"b:15:38:15:58:15:62:15:83":2,"s:16:33:16:88":9,"f:16:33:16:34":4,"s:16:43:16:88":10,"b:16:43:16:63:16:67:16:88":3,"s:18:32:18:66":11,"f:18:32:18:33":5,"s:18:42:18:66":12,"s:19:33:19:67":13,"f:19:33:19:34":6,"s:19:43:19:67":14,"s:20:35:20:69":15,"f:20:35:20:36":7,"s:20:45:20:69":16,"s:21:36:21:91":17,"f:21:36:21:37":8,"s:21:46:21:91":18,"b:21:46:21:66:21:70:21:91":4,"s:23:35:23:90":19,"f:23:35:23:36":9,"s:23:45:23:90":20,"b:23:45:23:65:23:69:23:90":5,"s:25:30:28:1":21,"f:25:30:25:31":10,"b:25:52:25:54":6,"b:26:2:26:26:undefined:undefined:undefined:undefined":7,"s:26:2:26:26":22,"s:26:13:26:26":23,"s:27:2:27:66":24,"b:27:9:27:34:27:38:27:65":8}}}
,"C:\\ai_competence\\ai-competency-profiler\\frontend\\src\\domain\\competencyGraph.js": {"path":"C:\\ai_competence\\ai-competency-profiler\\frontend\\src\\domain\\competencyGraph.js","statementMap":{"0":{"start":{"line":1,"column":19},"end":{"line":1,"column":95}},"1":{"start":{"line":3,"column":40},"end":{"line":10,"column":1}},"2":{"start":{"line":12,"column":24},"end":{"line":15,"column":1}},"3":{"start":{"line":17,"column":36},"end":{"line":21,"column":1}},"4":{"start":{"line":18,"column":16},"end":{"line":18,"column":42}},"5":{"start":{"line":19,"column":2},"end":{"line":19,"column":40}},"6":{"start":{"line":19,"column":31},"end":{"line":19,"column":40}},"7":{"start":{"line":20,"column":2},"end":{"line":20,"column":41}},"8":{"start":{"line":23,"column":31},"end":{"line":27,"column":1}},"9":{"start":{"line":24,"column":17},"end":{"line":24,"column":41}},"10":{"start":{"line":25,"column":2},"end":{"line":25,"column":43}},"11":{"start":{"line":25,"column":32},"end":{"line":25,"column":43}},"12":{"start":{"line":26,"column":2},"end":{"line":26,"column":65}},"13":{"start":{"line":29,"column":26},"end":{"line":29,"column":73}},"14":{"start":{"line":29,"column":37},"end":{"line":29,"column":73}},"15":{"start":{"line":31,"column":29},"end":{"line":35,"column":1}},"16":{"start":{"line":32,"column":2},"end":{"line":34,"column":3}},"17":{"start":{"line":33,"column":4},"end":{"line":33,"column":74}},"18":{"start":{"line":37,"column":25},"end":{"line":41,"column":1}},"19":{"start":{"line":38,"column":2},"end":{"line":40,"column":3}},"20":{"start":{"line":39,"column":4},"end":{"line":39,"column":74}},"21":{"start":{"line":43,"column":19},"end":{"line":46,"column":1}},"22":{"start":{"line":44,"column":16},"end":{"line":44,"column":57}},"23":{"start":{"line":44,"column":39},"end":{"line":44,"column":56}},"24":{"start":{"line":45,"column":2},"end":{"line":45,"column":38}},"25":{"start":{"line":48,"column":20},"end":{"line":48,"column":55}},"26":{"start":{"line":48,"column":30},"end":{"line":48,"column":55}},"27":{"start":{"line":50,"column":32},"end":{"line":73,"column":1}},"28":{"start":{"line":51,"column":23},"end":{"line":51,"column":61}},"29":{"start":{"line":52,"column":17},"end":{"line":52,"column":44}},"30":{"start":{"line":54,"column":2},"end":{"line":62,"column":3}},"31":{"start":{"line":55,"column":4},"end":{"line":55,"column":65}},"32":{"start":{"line":56,"column":4},"end":{"line":61,"column":6}},"33":{"start":{"line":64,"column":2},"end":{"line":64,"column":71}},"34":{"start":{"line":65,"column":2},"end":{"line":72,"column":4}},"35":{"start":{"line":75,"column":29},"end":{"line":99,"column":1}},"36":{"start":{"line":76,"column":27},"end":{"line":78,"column":33}},"37":{"start":{"line":77,"column":21},"end":{"line":77,"column":61}},"38":{"start":{"line":80,"column":2},"end":{"line":88,"column":3}},"39":{"start":{"line":81,"column":4},"end":{"line":81,"column":58}},"40":{"start":{"line":82,"column":4},"end":{"line":87,"column":6}},"41":{"start":{"line":90,"column":2},"end":{"line":90,"column":64}},"42":{"start":{"line":91,"column":2},"end":{"line":98,"column":4}},"43":{"start":{"line":101,"column":27},"end":{"line":124,"column":1}},"44":{"start":{"line":102,"column":23},"end":{"line":104,"column":66}},"45":{"start":{"line":103,"column":22},"end":{"line":103,"column":58}},"46":{"start":{"line":104,"column":19},"end":{"line":104,"column":65}},"47":{"start":{"line":106,"column":2},"end":{"line":113,"column":3}},"48":{"start":{"line":107,"column":4},"end":{"line":107,"column":53}},"49":{"start":{"line":108,"column":4},"end":{"line":112,"column":6}},"50":{"start":{"line":115,"column":2},"end":{"line":115,"column":59}},"51":{"start":{"line":116,"column":2},"end":{"line":123,"column":4}},"52":{"start":{"line":126,"column":28},"end":{"line":130,"column":2}},"53":{"start":{"line":126,"column":85},"end":{"line":130,"column":1}},"54":{"start":{"line":128,"column":4},"end":{"line":128,"column":64}},"55":{"start":{"line":132,"column":39},"end":{"line":133,"column":54}},"56":{"start":{"line":133,"column":2},"end":{"line":133,"column":54}},"57":{"start":{"line":133,"column":23},"end":{"line":133,"column":52}},"58":{"start":{"line":135,"column":36},"end":{"line":136,"column":73}},"59":{"start":{"line":136,"column":2},"end":{"line":136,"column":73}},"60":{"start":{"line":138,"column":33},"end":{"line":139,"column":73}},"61":{"start":{"line":139,"column":2},"end":{"line":139,"column":73}},"62":{"start":{"line":141,"column":28},"end":{"line":146,"column":1}},"63":{"start":{"line":141,"column":54},"end":{"line":141,"column":58}},"64":{"start":{"line":142,"column":17},"end":{"line":142,"column":40}},"65":{"start":{"line":143,"column":2},"end":{"line":143,"column":36}},"66":{"start":{"line":143,"column":27},"end":{"line":143,"column":36}},"67":{"start":{"line":144,"column":17},"end":{"line":144,"column":78}},"68":{"start":{"line":144,"column":50},"end":{"line":144,"column":76}},"69":{"start":{"line":145,"column":2},"end":{"line":145,"column":62}}},"fnMap":{"0":{"name":"(anonymous_0)","decl":{"start":{"line":17,"column":36},"end":{"line":17,"column":37}},"loc":{"start":{"line":17,"column":47},"end":{"line":21,"column":1}},"line":17},"1":{"name":"(anonymous_1)","decl":{"start":{"line":23,"column":31},"end":{"line":23,"column":32}},"loc":{"start":{"line":23,"column":42},"end":{"line":27,"column":1}},"line":23},"2":{"name":"(anonymous_2)","decl":{"start":{"line":29,"column":26},"end":{"line":29,"column":27}},"loc":{"start":{"line":29,"column":37},"end":{"line":29,"column":73}},"line":29},"3":{"name":"(anonymous_3)","decl":{"start":{"line":31,"column":29},"end":{"line":31,"column":30}},"loc":{"start":{"line":31,"column":51},"end":{"line":35,"column":1}},"line":31},"4":{"name":"(anonymous_4)","decl":{"start":{"line":37,"column":25},"end":{"line":37,"column":26}},"loc":{"start":{"line":37,"column":47},"end":{"line":41,"column":1}},"line":37},"5":{"name":"(anonymous_5)","decl":{"start":{"line":43,"column":19},"end":{"line":43,"column":20}},"loc":{"start":{"line":43,"column":34},"end":{"line":46,"column":1}},"line":43},"6":{"name":"(anonymous_6)","decl":{"start":{"line":44,"column":28},"end":{"line":44,"column":29}},"loc":{"start":{"line":44,"column":39},"end":{"line":44,"column":56}},"line":44},"7":{"name":"(anonymous_7)","decl":{"start":{"line":48,"column":20},"end":{"line":48,"column":21}},"loc":{"start":{"line":48,"column":30},"end":{"line":48,"column":55}},"line":48},"8":{"name":"(anonymous_8)","decl":{"start":{"line":50,"column":32},"end":{"line":50,"column":33}},"loc":{"start":{"line":50,"column":41},"end":{"line":73,"column":1}},"line":50},"9":{"name":"(anonymous_9)","decl":{"start":{"line":75,"column":29},"end":{"line":75,"column":30}},"loc":{"start":{"line":75,"column":59},"end":{"line":99,"column":1}},"line":75},"10":{"name":"(anonymous_10)","decl":{"start":{"line":77,"column":12},"end":{"line":77,"column":13}},"loc":{"start":{"line":77,"column":21},"end":{"line":77,"column":61}},"line":77},"11":{"name":"(anonymous_11)","decl":{"start":{"line":101,"column":27},"end":{"line":101,"column":28}},"loc":{"start":{"line":101,"column":73},"end":{"line":124,"column":1}},"line":101},"12":{"name":"(anonymous_12)","decl":{"start":{"line":103,"column":12},"end":{"line":103,"column":13}},"loc":{"start":{"line":103,"column":22},"end":{"line":103,"column":58}},"line":103},"13":{"name":"(anonymous_13)","decl":{"start":{"line":104,"column":9},"end":{"line":104,"column":10}},"loc":{"start":{"line":104,"column":19},"end":{"line":104,"column":65}},"line":104},"14":{"name":"(anonymous_14)","decl":{"start":{"line":126,"column":28},"end":{"line":126,"column":29}},"loc":{"start":{"line":126,"column":85},"end":{"line":130,"column":1}},"line":126},"15":{"name":"(anonymous_15)","decl":{"start":{"line":127,"column":32},"end":{"line":127,"column":33}},"loc":{"start":{"line":128,"column":4},"end":{"line":128,"column":64}},"line":128},"16":{"name":"(anonymous_16)","decl":{"start":{"line":132,"column":39},"end":{"line":132,"column":40}},"loc":{"start":{"line":133,"column":2},"end":{"line":133,"column":54}},"line":133},"17":{"name":"(anonymous_17)","decl":{"start":{"line":133,"column":12},"end":{"line":133,"column":13}},"loc":{"start":{"line":133,"column":23},"end":{"line":133,"column":52}},"line":133},"18":{"name":"(anonymous_18)","decl":{"start":{"line":135,"column":36},"end":{"line":135,"column":37}},"loc":{"start":{"line":136,"column":2},"end":{"line":136,"column":73}},"line":136},"19":{"name":"(anonymous_19)","decl":{"start":{"line":138,"column":33},"end":{"line":138,"column":34}},"loc":{"start":{"line":139,"column":2},"end":{"line":139,"column":73}},"line":139},"20":{"name":"(anonymous_20)","decl":{"start":{"line":141,"column":28},"end":{"line":141,"column":29}},"loc":{"start":{"line":141,"column":63},"end":{"line":146,"column":1}},"line":141},"21":{"name":"(anonymous_21)","decl":{"start":{"line":141,"column":48},"end":{"line":141,"column":49}},"loc":{"start":{"line":141,"column":54},"end":{"line":141,"column":58}},"line":141},"22":{"name":"(anonymous_22)","decl":{"start":{"line":144,"column":40},"end":{"line":144,"column":41}},"loc":{"start":{"line":144,"column":50},"end":{"line":144,"column":76}},"line":144}},"branchMap":{"0":{"loc":{"start":{"line":19,"column":2},"end":{"line":19,"column":40}},"type":"if","locations":[{"start":{"line":19,"column":2},"end":{"line":19,"column":40}},{"start":{},"end":{}}],"line":19},"1":{"loc":{"start":{"line":25,"column":2},"end":{"line":25,"column":43}},"type":"if","locations":[{"start":{"line":25,"column":2},"end":{"line":25,"column":43}},{"start":{},"end":{}}],"line":25},"2":{"loc":{"start":{"line":29,"column":60},"end":{"line":29,"column":71}},"type":"binary-expr","locations":[{"start":{"line":29,"column":60},"end":{"line":29,"column":65}},{"start":{"line":29,"column":69},"end":{"line":29,"column":71}}],"line":29},"3":{"loc":{"start":{"line":32,"column":2},"end":{"line":34,"column":3}},"type":"if","locations":[{"start":{"line":32,"column":2},"end":{"line":34,"column":3}},{"start":{},"end":{}}],"line":32},"4":{"loc":{"start":{"line":32,"column":14},"end":{"line":32,"column":25}},"type":"binary-expr","locations":[{"start":{"line":32,"column":14},"end":{"line":32,"column":19}},{"start":{"line":32,"column":23},"end":{"line":32,"column":25}}],"line":32},"5":{"loc":{"start":{"line":38,"column":2},"end":{"line":40,"column":3}},"type":"if","locations":[{"start":{"line":38,"column":2},"end":{"line":40,"column":3}},{"start":{},"end":{}}],"line":38},"6":{"loc":{"start":{"line":45,"column":9},"end":{"line":45,"column":37}},"type":"binary-expr","locations":[{"start":{"line":45,"column":9},"end":{"line":45,"column":14}},{"start":{"line":45,"column":18},"end":{"line":45,"column":37}}],"line":45},"7":{"loc":{"start":{"line":54,"column":2},"end":{"line":62,"column":3}},"type":"if","locations":[{"start":{"line":54,"column":2},"end":{"line":62,"column":3}},{"start":{},"end":{}}],"line":54},"8":{"loc":{"start":{"line":69,"column":17},"end":{"line":69,"column":53}},"type":"binary-expr","locations":[{"start":{"line":69,"column":17},"end":{"line":69,"column":47}},{"start":{"line":69,"column":51},"end":{"line":69,"column":53}}],"line":69},"9":{"loc":{"start":{"line":80,"column":2},"end":{"line":88,"column":3}},"type":"if","locations":[{"start":{"line":80,"column":2},"end":{"line":88,"column":3}},{"start":{},"end":{}}],"line":80},"10":{"loc":{"start":{"line":85,"column":19},"end":{"line":85,"column":43}},"type":"binary-expr","locations":[{"start":{"line":85,"column":19},"end":{"line":85,"column":35}},{"start":{"line":85,"column":39},"end":{"line":85,"column":43}}],"line":85},"11":{"loc":{"start":{"line":95,"column":17},"end":{"line":95,"column":50}},"type":"binary-expr","locations":[{"start":{"line":95,"column":17},"end":{"line":95,"column":44}},{"start":{"line":95,"column":48},"end":{"line":95,"column":50}}],"line":95},"12":{"loc":{"start":{"line":96,"column":17},"end":{"line":96,"column":41}},"type":"binary-expr","locations":[{"start":{"line":96,"column":17},"end":{"line":96,"column":33}},{"start":{"line":96,"column":37},"end":{"line":96,"column":41}}],"line":96},"13":{"loc":{"start":{"line":106,"column":2},"end":{"line":113,"column":3}},"type":"if","locations":[{"start":{"line":106,"column":2},"end":{"line":113,"column":3}},{"start":{},"end":{}}],"line":106},"14":{"loc":{"start":{"line":120,"column":17},"end":{"line":120,"column":47}},"type":"binary-expr","locations":[{"start":{"line":120,"column":17},"end":{"line":120,"column":41}},{"start":{"line":120,"column":45},"end":{"line":120,"column":47}}],"line":120},"15":{"loc":{"start":{"line":121,"column":11},"end":{"line":121,"column":35}},"type":"binary-expr","locations":[{"start":{"line":121,"column":11},"end":{"line":121,"column":29}},{"start":{"line":121,"column":33},"end":{"line":121,"column":35}}],"line":121},"16":{"loc":{"start":{"line":132,"column":40},"end":{"line":132,"column":50}},"type":"default-arg","locations":[{"start":{"line":132,"column":48},"end":{"line":132,"column":50}}],"line":132},"17":{"loc":{"start":{"line":141,"column":36},"end":{"line":141,"column":58}},"type":"default-arg","locations":[{"start":{"line":141,"column":48},"end":{"line":141,"column":58}}],"line":141},"18":{"loc":{"start":{"line":143,"column":2},"end":{"line":143,"column":36}},"type":"if","locations":[{"start":{"line":143,"column":2},"end":{"line":143,"column":36}},{"start":{},"end":{}}],"line":143},"19":{"loc":{"start":{"line":144,"column":57},"end":{"line":144,"column":75}},"type":"binary-expr","locations":[{"start":{"line":144,"column":57},"end":{"line":144,"column":70}},{"start":{"line":144,"column":74},"end":{"line":144,"column":75}}],"line":144},"20":{"loc":{"start":{"line":145,"column":9},"end":{"line":145,"column":61}},"type":"cond-expr","locations":[{"start":{"line":145,"column":35},"end":{"line":145,"column":45}},{"start":{"line":145,"column":48},"end":{"line":145,"column":61}}],"line":145}},"s":{"0":1,"1":1,"2":1,"3":1,"4":22,"5":22,"6":6,"7":16,"8":1,"9":24,"10":24,"11":6,"12":18,"13":1,"14":17,"15":1,"16":8,"17":2,"18":1,"19":5,"20":1,"21":1,"22":6,"23":7,"24":6,"25":1,"26":13,"27":1,"28":4,"29":4,"30":4,"31":1,"32":1,"33":3,"34":3,"35":1,"36":4,"37":4,"38":4,"39":1,"40":1,"41":2,"42":2,"43":1,"44":7,"45":4,"46":4,"47":7,"48":3,"49":3,"50":3,"51":3,"52":1,"53":8,"54":7,"55":1,"56":4,"57":3,"58":1,"59":7,"60":1,"61":1,"62":1,"63":6,"64":6,"65":6,"66":2,"67":4,"68":8,"69":4},"f":{"0":22,"1":24,"2":17,"3":8,"4":5,"5":6,"6":7,"7":13,"8":4,"9":4,"10":4,"11":7,"12":4,"13":4,"14":8,"15":7,"16":4,"17":3,"18":7,"19":1,"20":6,"21":6,"22":8},"b":{"0":[6,16],"1":[6,18],"2":[17,5],"3":[2,6],"4":[8,2],"5":[1,4],"6":[6,1],"7":[1,3],"8":[3,2],"9":[1,3],"10":[1,1],"11":[2,2],"12":[4,1],"13":[3,4],"14":[3,1],"15":[7,1],"16":[4],"17":[6],"18":[2,4],"19":[8,2],"20":[4,0]},"meta":{"lastBranch":21,"lastFunction":23,"lastStatement":70,"seen":{"s:1:19:1:95":0,"s:3:40:10:1":1,"s:12:24:15:1":2,"s:17:36:21:1":3,"f:17:36:17:37":0,"s:18:16:18:42":4,"b:19:2:19:40:undefined:undefined:undefined:undefined":0,"s:19:2:19:40":5,"s:19:31:19:40":6,"s:20:2:20:41":7,"s:23:31:27:1":8,"f:23:31:23:32":1,"s:24:17:24:41":9,"b:25:2:25:43:undefined:undefined:undefined:undefined":1,"s:25:2:25:43":10,"s:25:32:25:43":11,"s:26:2:26:65":12,"s:29:26:29:73":13,"f:29:26:29:27":2,"s:29:37:29:73":14,"b:29:60:29:65:29:69:29:71":2,"s:31:29:35:1":15,"f:31:29:31:30":3,"b:32:2:34:3:undefined:undefined:undefined:undefined":3,"s:32:2:34:3":16,"b:32:14:32:19:32:23:32:25":4,"s:33:4:33:74":17,"s:37:25:41:1":18,"f:37:25:37:26":4,"b:38:2:40:3:undefined:undefined:undefined:undefined":5,"s:38:2:40:3":19,"s:39:4:39:74":20,"s:43:19:46:1":21,"f:43:19:43:20":5,"s:44:16:44:57":22,"f:44:28:44:29":6,"s:44:39:44:56":23,"s:45:2:45:38":24,"b:45:9:45:14:45:18:45:37":6,"s:48:20:48:55":25,"f:48:20:48:21":7,"s:48:30:48:55":26,"s:50:32:73:1":27,"f:50:32:50:33":8,"s:51:23:51:61":28,"s:52:17:52:44":29,"b:54:2:62:3:undefined:undefined:undefined:undefined":7,"s:54:2:62:3":30,"s:55:4:55:65":31,"s:56:4:61:6":32,"s:64:2:64:71":33,"s:65:2:72:4":34,"b:69:17:69:47:69:51:69:53":8,"s:75:29:99:1":35,"f:75:29:75:30":9,"s:76:27:78:33":36,"f:77:12:77:13":10,"s:77:21:77:61":37,"b:80:2:88:3:undefined:undefined:undefined:undefined":9,"s:80:2:88:3":38,"s:81:4:81:58":39,"s:82:4:87:6":40,"b:85:19:85:35:85:39:85:43":10,"s:90:2:90:64":41,"s:91:2:98:4":42,"b:95:17:95:44:95:48:95:50":11,"b:96:17:96:33:96:37:96:41":12,"s:101:27:124:1":43,"f:101:27:101:28":11,"s:102:23:104:66":44,"f:103:12:103:13":12,"s:103:22:103:58":45,"f:104:9:104:10":13,"s:104:19:104:65":46,"b:106:2:113:3:undefined:undefined:undefined:undefined":13,"s:106:2:113:3":47,"s:107:4:107:53":48,"s:108:4:112:6":49,"s:115:2:115:59":50,"s:116:2:123:4":51,"b:120:17:120:41:120:45:120:47":14,"b:121:11:121:29:121:33:121:35":15,"s:126:28:130:2":52,"f:126:28:126:29":14,"s:126:85:130:1":53,"f:127:32:127:33":15,"s:128:4:128:64":54,"s:132:39:133:54":55,"f:132:39:132:40":16,"s:133:2:133:54":56,"b:132:48:132:50":16,"f:133:12:133:13":17,"s:133:23:133:52":57,"s:135:36:136:73":58,"f:135:36:135:37":18,"s:136:2:136:73":59,"s:138:33:139:73":60,"f:138:33:138:34":19,"s:139:2:139:73":61,"s:141:28:146:1":62,"f:141:28:141:29":20,"b:141:48:141:58":17,"f:141:48:141:49":21,"s:141:54:141:58":63,"s:142:17:142:40":64,"b:143:2:143:36:undefined:undefined:undefined:undefined":18,"s:143:2:143:36":65,"s:143:27:143:36":66,"s:144:17:144:78":67,"f:144:40:144:41":22,"s:144:50:144:76":68,"b:144:57:144:70:144:74:144:75":19,"s:145:2:145:62":69,"b:145:35:145:45:145:48:145:61":20}}}
,"C:\\ai_competence\\ai-competency-profiler\\frontend\\src\\domain\\statusMeta.js": {"path":"C:\\ai_competence\\ai-competency-profiler\\frontend\\src\\domain\\statusMeta.js","statementMap":{"0":{"start":{"line":1,"column":37},"end":{"line":5,"column":1}},"1":{"start":{"line":7,"column":38},"end":{"line":8,"column":64}},"2":{"start":{"line":8,"column":2},"end":{"line":8,"column":64}}},"fnMap":{"0":{"name":"(anonymous_0)","decl":{"start":{"line":7,"column":38},"end":{"line":7,"column":39}},"loc":{"start":{"line":8,"column":2},"end":{"line":8,"column":64}},"line":8}},"branchMap":{"0":{"loc":{"start":{"line":8,"column":2},"end":{"line":8,"column":64}},"type":"binary-expr","locations":[{"start":{"line":8,"column":2},"end":{"line":8,"column":31}},{"start":{"line":8,"column":35},"end":{"line":8,"column":64}}],"line":8}},"s":{"0":1,"1":1,"2":7},"f":{"0":7},"b":{"0":[7,4]},"meta":{"lastBranch":1,"lastFunction":1,"lastStatement":3,"seen":{"s:1:37:5:1":0,"s:7:38:8:64":1,"f:7:38:7:39":0,"s:8:2:8:64":2,"b:8:2:8:31:8:35:8:64":0}}}
}
